<?xml version="1.0" encoding="UTF-8"?>
<!-- Generated by org.testng.reporters.JUnitReportReporter -->
<testsuite hostname="16400-LT-X0245" name="DemoProjects.GooglePlaceAPI" tests="1" failures="0" timestamp="16 Jan 2020 12:20:01 GMT" time="4.081" errors="0">
  <testcase name="GrabAndDeleteDataTestCase" time="4.081" classname="DemoProjects.GooglePlaceAPI"/>
</testsuite> <!-- DemoProjects.GooglePlaceAPI -->
