<?xml version="1.0" encoding="UTF-8"?>
<!-- Generated by org.testng.reporters.JUnitReportReporter -->
<testsuite hostname="16400-LT-X0245" name="DemoProjects.BookLibraryAPI" tests="7" failures="0" timestamp="16 Jan 2020 11:47:33 GMT" time="7.296" errors="0">
  <testcase name="AddBookAndDelete" time="1.284" classname="DemoProjects.BookLibraryAPI"/>
  <testcase name="AddBookAndDelete" time="0.308" classname="DemoProjects.BookLibraryAPI"/>
  <testcase name="AddBookAndDelete" time="0.270" classname="DemoProjects.BookLibraryAPI"/>
  <testcase name="AddBookAndDelete" time="0.331" classname="DemoProjects.BookLibraryAPI"/>
  <testcase name="AddBookAndDelete" time="1.010" classname="DemoProjects.BookLibraryAPI"/>
  <testcase name="AddBookAndDelete" time="3.760" classname="DemoProjects.BookLibraryAPI"/>
  <testcase name="AddBookAndDelete" time="0.333" classname="DemoProjects.BookLibraryAPI"/>
</testsuite> <!-- DemoProjects.BookLibraryAPI -->
